10:33:47.701 [main] INFO  org.testng.internal.Utils - [Utils] MethodGroupsHelper.collectMethodsByGroup() took 1 ms.
10:33:47.711 [main] INFO  org.testng.internal.Utils - [Utils] MethodGroupsHelper.sortMethods() took 1 ms.
10:33:47.715 [main] INFO  org.testng.internal.Utils - [Utils] MethodGroupsHelper.collectMethodsByGroup() took 0 ms.
10:33:47.715 [main] INFO  org.testng.internal.Utils - [Utils] MethodGroupsHelper.sortMethods() took 0 ms.
10:33:47.717 [main] INFO  org.testng.internal.Utils - [Utils] MethodGroupsHelper.collectMethodsByGroup() took 0 ms.
10:33:47.717 [main] INFO  org.testng.internal.Utils - [Utils] MethodGroupsHelper.sortMethods() took 0 ms.
10:33:47.718 [main] INFO  org.testng.internal.Utils - [Utils] MethodGroupsHelper.collectMethodsByGroup() took 0 ms.
10:33:47.720 [main] INFO  org.testng.internal.Utils - [Utils] MethodGroupsHelper.sortMethods() took 0 ms.
10:33:47.731 [main] INFO  org.testng.internal.Utils - [Utils] MethodGroupsHelper.collectMethodsByGroup() took 8 ms.
10:33:47.745 [main] INFO  org.testng.internal.Utils - [Utils] MethodGroupsHelper.sortMethods() took 13 ms.
10:33:47.747 [main] INFO  org.testng.internal.Utils - [Utils] MethodGroupsHelper.collectMethodsByGroup() took 0 ms.
10:33:47.747 [main] INFO  org.testng.internal.Utils - [Utils] MethodGroupsHelper.sortMethods() took 0 ms.
10:33:47.748 [main] INFO  org.testng.internal.Utils - [Utils] MethodGroupsHelper.collectMethodsByGroup() took 0 ms.
10:33:47.748 [main] INFO  org.testng.internal.Utils - [Utils] MethodGroupsHelper.sortMethods() took 0 ms.
10:33:47.749 [main] INFO  org.testng.internal.Utils - [Utils] MethodGroupsHelper.collectMethodsByGroup() took 0 ms.
10:33:47.749 [main] INFO  org.testng.internal.Utils - [Utils] MethodGroupsHelper.sortMethods() took 0 ms.
10:33:47.752 [main] INFO  org.testng.internal.Utils - [Utils] MethodGroupsHelper.collectMethodsByGroup() took 0 ms.
10:33:47.752 [main] INFO  org.testng.internal.Utils - [Utils] MethodGroupsHelper.sortMethods() took 0 ms.
10:33:47.752 [main] INFO  org.testng.internal.Utils - [Utils] MethodGroupsHelper.collectMethodsByGroup() took 0 ms.
10:33:47.752 [main] INFO  org.testng.internal.Utils - [Utils] MethodGroupsHelper.sortMethods() took 0 ms.
10:33:47.755 [main] INFO  org.testng.internal.Utils - [Utils] MethodGroupsHelper.collectMethodsByGroup() took 0 ms.
10:33:47.755 [main] INFO  org.testng.internal.Utils - [Utils] MethodGroupsHelper.sortMethods() took 0 ms.
10:33:47.756 [main] INFO  org.testng.internal.Utils - [Utils] MethodGroupsHelper.collectMethodsByGroup() took 0 ms.
10:33:47.756 [main] INFO  org.testng.internal.Utils - [Utils] MethodGroupsHelper.sortMethods() took 0 ms.
10:33:47.757 [main] INFO  org.testng.internal.Utils - [Utils] MethodGroupsHelper.collectMethodsByGroup() took 0 ms.
10:33:47.757 [main] INFO  org.testng.internal.Utils - [Utils] MethodGroupsHelper.sortMethods() took 0 ms.
10:33:47.759 [main] INFO  org.testng.internal.Utils - [Utils] MethodGroupsHelper.collectMethodsByGroup() took 0 ms.
10:33:47.759 [main] INFO  org.testng.internal.Utils - [Utils] MethodGroupsHelper.sortMethods() took 0 ms.
10:33:47.760 [main] INFO  org.testng.internal.Utils - [Utils] MethodGroupsHelper.collectMethodsByGroup() took 0 ms.
10:33:47.760 [main] INFO  org.testng.internal.Utils - [Utils] MethodGroupsHelper.sortMethods() took 0 ms.
10:33:47.767 [main] INFO  org.testng.internal.Utils - [TestNG] Running:
  C:\Users\ADMIN\AppData\Local\Temp\testng-eclipse--1628467504\testng-customsuite.xml

10:33:47.791 [main] INFO  org.testng.internal.Utils - [Utils] DynamicGraphHelper.createDynamicGraph() took 3 ms.
10:33:51.438 [main] INFO  testCases.TC001_AccountRegistrationTest - **** Starting TC001_AccountRegistrationTest ****
10:33:51.676 [main] INFO  testCases.TC001_AccountRegistrationTest - Clicked on MyAccount Link....
10:33:52.710 [main] INFO  testCases.TC001_AccountRegistrationTest - Clicked on Register Link....
10:33:52.716 [main] INFO  testCases.TC001_AccountRegistrationTest - Providing customer information....
10:33:55.143 [main] INFO  testCases.TC001_AccountRegistrationTest - Validating expected message.....
10:33:55.229 [main] INFO  testCases.TC001_AccountRegistrationTest - Test passed....
10:33:55.230 [main] INFO  testCases.TC001_AccountRegistrationTest - ****Finished TC001_AccountRegistrationTest ****
10:33:55.577 [main] INFO  org.testng.internal.Utils - [TestNG] Time taken by org.testng.reporters.jq.Main@2b214b94: 71 ms
10:33:55.579 [main] INFO  org.testng.internal.Utils - [TestNG] Time taken by org.testng.reporters.FailedReporter@23e44287: 2 ms
10:33:55.586 [main] INFO  org.testng.internal.Utils - [TestNG] Time taken by org.testng.reporters.XMLReporter@60dd3c23: 7 ms
10:33:55.591 [main] INFO  org.testng.internal.Utils - [TestNG] Time taken by org.testng.reporters.EmailableReporter2@675ffd1d: 5 ms
10:33:55.595 [main] INFO  org.testng.internal.Utils - [TestNG] Time taken by org.testng.reporters.JUnitReportReporter@4632cfc: 3 ms
10:33:55.596 [main] INFO  org.testng.internal.Utils - [TestNG] Time taken by org.testng.internal.ExitCodeListener@6e1f8469: 0 ms
13:01:34.608 [main] INFO  org.testng.internal.Utils - [TestNG] Running:
  E:\Projects\Selenium_Projects\OpenCart001\testng.xml

13:01:44.656 [main] INFO  testCases.TC001_AccountRegistrationTest - **** Starting TC001_AccountRegistrationTest ****
13:01:44.800 [main] INFO  testCases.TC001_AccountRegistrationTest - Clicked on MyAccount Link....
13:01:45.752 [main] INFO  testCases.TC001_AccountRegistrationTest - Clicked on Register Link....
13:01:45.755 [main] INFO  testCases.TC001_AccountRegistrationTest - Providing customer information....
13:01:47.495 [main] INFO  testCases.TC001_AccountRegistrationTest - Validating expected message.....
13:01:47.557 [main] INFO  testCases.TC001_AccountRegistrationTest - Test passed....
13:01:47.558 [main] INFO  testCases.TC001_AccountRegistrationTest - ****Finished TC001_AccountRegistrationTest ****
13:32:34.335 [main] INFO  org.testng.internal.Utils - [TestNG] Running:
  E:\Projects\Selenium_Projects\OpenCart001\master.xml

13:33:14.872 [main] INFO  org.testng.internal.Utils - [TestNG] Running:
  E:\Projects\Selenium_Projects\OpenCart001\master.xml

13:33:33.381 [main] INFO  org.testng.internal.Utils - [TestNG] Running:
  E:\Projects\Selenium_Projects\OpenCart001\crossbrowsertesting.xml

13:35:00.502 [main] INFO  org.testng.internal.Utils - [TestNG] Running:
  E:\Projects\Selenium_Projects\OpenCart001\master.xml

13:38:58.771 [main] INFO  org.testng.internal.Utils - [TestNG] Running:
  E:\Projects\Selenium_Projects\OpenCart001\master.xml

13:39:04.572 [main] INFO  testCases.TC001_AccountRegistrationTest - **** Starting TC001_AccountRegistrationTest ****
13:39:04.717 [main] INFO  testCases.TC001_AccountRegistrationTest - Clicked on MyAccount Link....
13:39:05.824 [main] INFO  testCases.TC001_AccountRegistrationTest - Clicked on Register Link....
13:39:05.826 [main] INFO  testCases.TC001_AccountRegistrationTest - Providing customer information....
13:39:07.661 [main] INFO  testCases.TC001_AccountRegistrationTest - Validating expected message.....
13:39:07.709 [main] INFO  testCases.TC001_AccountRegistrationTest - Test passed....
13:39:07.709 [main] INFO  testCases.TC001_AccountRegistrationTest - ****Finished TC001_AccountRegistrationTest ****
13:41:25.312 [main] INFO  org.testng.internal.Utils - [TestNG] Running:
  E:\Projects\Selenium_Projects\OpenCart001\master.xml

13:41:29.402 [main] INFO  testCases.TC001_AccountRegistrationTest - **** Starting TC001_AccountRegistrationTest ****
13:41:29.538 [main] INFO  testCases.TC001_AccountRegistrationTest - Clicked on MyAccount Link....
13:41:30.170 [main] INFO  testCases.TC001_AccountRegistrationTest - Clicked on Register Link....
13:41:30.175 [main] INFO  testCases.TC001_AccountRegistrationTest - Providing customer information....
13:41:31.834 [main] INFO  testCases.TC001_AccountRegistrationTest - Validating expected message.....
13:41:31.883 [main] INFO  testCases.TC001_AccountRegistrationTest - Test passed....
13:41:31.884 [main] INFO  testCases.TC001_AccountRegistrationTest - ****Finished TC001_AccountRegistrationTest ****
19:24:01.003 [main] INFO  org.testng.internal.Utils - [TestNG] Running:
  E:\Projects\Selenium_Projects\OpenCart001\master.xml

19:24:10.842 [main] INFO  testCases.TC001_AccountRegistrationTest - **** Starting TC001_AccountRegistrationTest ****
19:24:11.057 [main] INFO  testCases.TC001_AccountRegistrationTest - Clicked on MyAccount Link....
19:24:11.988 [main] INFO  testCases.TC001_AccountRegistrationTest - Clicked on Register Link....
19:24:11.991 [main] INFO  testCases.TC001_AccountRegistrationTest - Providing customer information....
19:24:13.944 [main] INFO  testCases.TC001_AccountRegistrationTest - Validating expected message.....
19:24:14.001 [main] INFO  testCases.TC001_AccountRegistrationTest - Test passed....
19:24:14.002 [main] INFO  testCases.TC001_AccountRegistrationTest - ****Finished TC001_AccountRegistrationTest ****
19:25:36.116 [main] INFO  org.testng.internal.Utils - [TestNG] Running:
  E:\Projects\Selenium_Projects\OpenCart001\master.xml

19:27:45.407 [main] INFO  org.testng.internal.Utils - [TestNG] Running:
  E:\Projects\Selenium_Projects\OpenCart001\master.xml

19:27:54.103 [main] INFO  testCases.TC002_LoginTest - **** Starting TC002_LoginTest ****
19:33:27.644 [main] INFO  org.testng.internal.Utils - [Utils] MethodGroupsHelper.collectMethodsByGroup() took 3 ms.
19:33:27.655 [main] INFO  org.testng.internal.Utils - [Utils] MethodGroupsHelper.sortMethods() took 2 ms.
19:33:27.658 [main] INFO  org.testng.internal.Utils - [Utils] MethodGroupsHelper.collectMethodsByGroup() took 0 ms.
19:33:27.658 [main] INFO  org.testng.internal.Utils - [Utils] MethodGroupsHelper.sortMethods() took 0 ms.
19:33:27.659 [main] INFO  org.testng.internal.Utils - [Utils] MethodGroupsHelper.collectMethodsByGroup() took 0 ms.
19:33:27.659 [main] INFO  org.testng.internal.Utils - [Utils] MethodGroupsHelper.sortMethods() took 0 ms.
19:33:27.660 [main] INFO  org.testng.internal.Utils - [Utils] MethodGroupsHelper.collectMethodsByGroup() took 0 ms.
19:33:27.660 [main] INFO  org.testng.internal.Utils - [Utils] MethodGroupsHelper.sortMethods() took 0 ms.
19:33:27.668 [main] INFO  org.testng.internal.Utils - [Utils] MethodGroupsHelper.collectMethodsByGroup() took 6 ms.
19:33:27.677 [main] INFO  org.testng.internal.Utils - [Utils] MethodGroupsHelper.sortMethods() took 8 ms.
19:33:27.679 [main] INFO  org.testng.internal.Utils - [Utils] MethodGroupsHelper.collectMethodsByGroup() took 0 ms.
19:33:27.679 [main] INFO  org.testng.internal.Utils - [Utils] MethodGroupsHelper.sortMethods() took 0 ms.
19:33:27.680 [main] INFO  org.testng.internal.Utils - [Utils] MethodGroupsHelper.collectMethodsByGroup() took 0 ms.
19:33:27.680 [main] INFO  org.testng.internal.Utils - [Utils] MethodGroupsHelper.sortMethods() took 0 ms.
19:33:27.680 [main] INFO  org.testng.internal.Utils - [Utils] MethodGroupsHelper.collectMethodsByGroup() took 0 ms.
19:33:27.680 [main] INFO  org.testng.internal.Utils - [Utils] MethodGroupsHelper.sortMethods() took 0 ms.
19:33:27.684 [main] INFO  org.testng.internal.Utils - [Utils] MethodGroupsHelper.collectMethodsByGroup() took 0 ms.
19:33:27.684 [main] INFO  org.testng.internal.Utils - [Utils] MethodGroupsHelper.sortMethods() took 0 ms.
19:33:27.684 [main] INFO  org.testng.internal.Utils - [Utils] MethodGroupsHelper.collectMethodsByGroup() took 0 ms.
19:33:27.684 [main] INFO  org.testng.internal.Utils - [Utils] MethodGroupsHelper.sortMethods() took 0 ms.
19:33:27.687 [main] INFO  org.testng.internal.Utils - [Utils] MethodGroupsHelper.collectMethodsByGroup() took 0 ms.
19:33:27.687 [main] INFO  org.testng.internal.Utils - [Utils] MethodGroupsHelper.sortMethods() took 0 ms.
19:33:27.687 [main] INFO  org.testng.internal.Utils - [Utils] MethodGroupsHelper.collectMethodsByGroup() took 0 ms.
19:33:27.687 [main] INFO  org.testng.internal.Utils - [Utils] MethodGroupsHelper.sortMethods() took 0 ms.
19:33:27.688 [main] INFO  org.testng.internal.Utils - [Utils] MethodGroupsHelper.collectMethodsByGroup() took 0 ms.
19:33:27.689 [main] INFO  org.testng.internal.Utils - [Utils] MethodGroupsHelper.sortMethods() took 0 ms.
19:33:27.690 [main] INFO  org.testng.internal.Utils - [Utils] MethodGroupsHelper.collectMethodsByGroup() took 0 ms.
19:33:27.691 [main] INFO  org.testng.internal.Utils - [Utils] MethodGroupsHelper.sortMethods() took 0 ms.
19:33:27.691 [main] INFO  org.testng.internal.Utils - [Utils] MethodGroupsHelper.collectMethodsByGroup() took 0 ms.
19:33:27.691 [main] INFO  org.testng.internal.Utils - [Utils] MethodGroupsHelper.sortMethods() took 0 ms.
19:33:27.698 [main] INFO  org.testng.internal.Utils - [TestNG] Running:
  C:\Users\ADMIN\AppData\Local\Temp\testng-eclipse--1552667332\testng-customsuite.xml

19:33:27.742 [main] INFO  org.testng.internal.Utils - [Utils] DynamicGraphHelper.createDynamicGraph() took 10 ms.
19:33:27.976 [main] INFO  org.testng.internal.Utils - [TestNG] Time taken by org.testng.reporters.jq.Main@7b8233cd: 63 ms
19:33:27.992 [main] INFO  org.testng.internal.Utils - [TestNG] Time taken by org.testng.reporters.FailedReporter@73163d48: 16 ms
19:33:28.005 [main] INFO  org.testng.internal.Utils - [TestNG] Time taken by org.testng.reporters.XMLReporter@1698ee84: 13 ms
19:33:28.016 [main] INFO  org.testng.internal.Utils - [TestNG] Time taken by org.testng.reporters.EmailableReporter2@a776e: 11 ms
19:33:28.023 [main] INFO  org.testng.internal.Utils - [TestNG] Time taken by org.testng.reporters.JUnitReportReporter@505a9d7c: 6 ms
19:33:28.023 [main] INFO  org.testng.internal.Utils - [TestNG] Time taken by org.testng.internal.ExitCodeListener@758c83d8: 0 ms
19:33:43.326 [main] INFO  org.testng.internal.Utils - [TestNG] Running:
  E:\Projects\Selenium_Projects\OpenCart001\master.xml

19:33:48.437 [main] INFO  testCases.TC002_LoginTest - **** Starting TC002_LoginTest ****
19:35:11.722 [main] INFO  org.testng.internal.Utils - [TestNG] Running:
  E:\Projects\Selenium_Projects\OpenCart001\master.xml

19:35:17.679 [main] INFO  testCases.TC002_LoginTest - **** Starting TC002_LoginTest ****
19:36:29.131 [main] INFO  org.testng.internal.Utils - [TestNG] Running:
  E:\Projects\Selenium_Projects\OpenCart001\master.xml

19:36:34.211 [main] INFO  testCases.TC002_LoginTest - **** Starting TC002_LoginTest ****
19:36:57.951 [main] INFO  org.testng.internal.Utils - [TestNG] Running:
  E:\Projects\Selenium_Projects\OpenCart001\master.xml

19:37:02.698 [main] INFO  testCases.TC002_LoginTest - **** Starting TC002_LoginTest ****
23:26:59.253 [main] INFO  org.testng.internal.Utils - [TestNG] Running:
  E:\Projects\Selenium_Projects\OpenCart001\master.xml

10:01:09.524 [main] INFO  org.testng.internal.Utils - [TestNG] Running:
  E:\Projects\Selenium_Projects\OpenCart001\master.xml

10:01:37.911 [main] INFO  org.testng.internal.Utils - [TestNG] Running:
  E:\Projects\Selenium_Projects\OpenCart001\master.xml

10:02:39.603 [main] INFO  org.testng.internal.Utils - [TestNG] Running:
  E:\Projects\Selenium_Projects\OpenCart001\master.xml

10:03:22.424 [main] INFO  org.testng.internal.Utils - [TestNG] Running:
  E:\Projects\Selenium_Projects\OpenCart001\master.xml

10:03:29.846 [main] INFO  testCases.TC002_LoginTest - **** Starting TC002_LoginTest ****
10:04:02.249 [main] INFO  org.testng.internal.Utils - [TestNG] Running:
  E:\Projects\Selenium_Projects\OpenCart001\master.xml

10:04:06.439 [main] INFO  testCases.TC001_AccountRegistrationTest - **** Starting TC001_AccountRegistrationTest ****
10:04:06.712 [main] INFO  testCases.TC001_AccountRegistrationTest - Clicked on MyAccount Link....
10:04:07.506 [main] INFO  testCases.TC001_AccountRegistrationTest - Clicked on Register Link....
10:04:07.526 [main] INFO  testCases.TC001_AccountRegistrationTest - Providing customer information....
10:04:09.260 [main] INFO  testCases.TC001_AccountRegistrationTest - Validating expected message.....
10:04:09.315 [main] INFO  testCases.TC001_AccountRegistrationTest - Test passed....
10:04:09.316 [main] INFO  testCases.TC001_AccountRegistrationTest - ****Finished TC001_AccountRegistrationTest ****
10:04:35.357 [main] INFO  org.testng.internal.Utils - [TestNG] Running:
  E:\Projects\Selenium_Projects\OpenCart001\master.xml

10:04:39.926 [main] INFO  testCases.TC001_AccountRegistrationTest - **** Starting TC001_AccountRegistrationTest ****
10:04:40.061 [main] INFO  testCases.TC001_AccountRegistrationTest - Clicked on MyAccount Link....
10:04:40.994 [main] INFO  testCases.TC001_AccountRegistrationTest - Clicked on Register Link....
10:04:40.996 [main] INFO  testCases.TC001_AccountRegistrationTest - Providing customer information....
10:04:43.071 [main] INFO  testCases.TC001_AccountRegistrationTest - Validating expected message.....
10:04:43.121 [main] INFO  testCases.TC001_AccountRegistrationTest - Test passed....
10:04:43.121 [main] INFO  testCases.TC001_AccountRegistrationTest - ****Finished TC001_AccountRegistrationTest ****
10:04:47.474 [main] INFO  testCases.TC002_LoginTest - **** Starting TC002_LoginTest ****
00:26:04.831 [main] INFO  org.testng.internal.Utils - [TestNG] Running:
  E:\Projects\Selenium_Projects\OpenCart001\grouping.xml

00:26:12.209 [main] INFO  testCases.TC001_AccountRegistrationTest - **** Starting TC001_AccountRegistrationTest ****
00:26:12.359 [main] INFO  testCases.TC001_AccountRegistrationTest - Clicked on MyAccount Link....
00:26:13.141 [main] INFO  testCases.TC001_AccountRegistrationTest - Clicked on Register Link....
00:26:13.147 [main] INFO  testCases.TC001_AccountRegistrationTest - Providing customer information....
00:26:15.539 [main] INFO  testCases.TC001_AccountRegistrationTest - Validating expected message.....
00:26:15.593 [main] INFO  testCases.TC001_AccountRegistrationTest - Test passed....
00:26:15.594 [main] INFO  testCases.TC001_AccountRegistrationTest - ****Finished TC001_AccountRegistrationTest ****
00:26:19.898 [main] INFO  testCases.TC002_LoginTest - **** Starting TC002_LoginTest ****
00:30:07.325 [main] INFO  org.testng.internal.Utils - [TestNG] Running:
  E:\Projects\Selenium_Projects\OpenCart001\grouping.xml

00:30:12.105 [main] INFO  testCases.TC001_AccountRegistrationTest - **** Starting TC001_AccountRegistrationTest ****
00:30:12.240 [main] INFO  testCases.TC001_AccountRegistrationTest - Clicked on MyAccount Link....
00:30:13.066 [main] INFO  testCases.TC001_AccountRegistrationTest - Clicked on Register Link....
00:30:13.069 [main] INFO  testCases.TC001_AccountRegistrationTest - Providing customer information....
00:30:15.152 [main] INFO  testCases.TC001_AccountRegistrationTest - Validating expected message.....
00:30:15.206 [main] INFO  testCases.TC001_AccountRegistrationTest - Test passed....
00:30:15.206 [main] INFO  testCases.TC001_AccountRegistrationTest - ****Finished TC001_AccountRegistrationTest ****
00:30:19.585 [main] INFO  testCases.TC002_LoginTest - **** Starting TC002_LoginTest ****
00:31:27.598 [main] INFO  org.testng.internal.Utils - [TestNG] Running:
  E:\Projects\Selenium_Projects\OpenCart001\master.xml

00:31:32.145 [main] INFO  testCases.TC001_AccountRegistrationTest - **** Starting TC001_AccountRegistrationTest ****
00:31:32.435 [main] INFO  testCases.TC001_AccountRegistrationTest - Clicked on MyAccount Link....
00:31:33.223 [main] INFO  testCases.TC001_AccountRegistrationTest - Clicked on Register Link....
00:31:33.226 [main] INFO  testCases.TC001_AccountRegistrationTest - Providing customer information....
00:31:35.296 [main] INFO  testCases.TC001_AccountRegistrationTest - Validating expected message.....
00:31:35.387 [main] INFO  testCases.TC001_AccountRegistrationTest - Test passed....
00:31:35.387 [main] INFO  testCases.TC001_AccountRegistrationTest - ****Finished TC001_AccountRegistrationTest ****
00:31:39.706 [main] INFO  testCases.TC002_LoginTest - **** Starting TC002_LoginTest ****
10:07:44.334 [main] INFO  org.testng.internal.Utils - [TestNG] Running:
  E:\Projects\Selenium_Projects\OpenCart001\master.xml

10:07:51.568 [main] INFO  testCases.TC001_AccountRegistrationTest - **** Starting TC001_AccountRegistrationTest ****
10:07:51.719 [main] INFO  testCases.TC001_AccountRegistrationTest - Clicked on MyAccount Link....
10:07:52.564 [main] INFO  testCases.TC001_AccountRegistrationTest - Clicked on Register Link....
10:07:52.604 [main] INFO  testCases.TC001_AccountRegistrationTest - Providing customer information....
10:07:54.872 [main] INFO  testCases.TC001_AccountRegistrationTest - Validating expected message.....
10:07:54.944 [main] INFO  testCases.TC001_AccountRegistrationTest - Test passed....
10:07:54.944 [main] INFO  testCases.TC001_AccountRegistrationTest - ****Finished TC001_AccountRegistrationTest ****
10:07:59.145 [main] INFO  testCases.TC002_LoginTest - **** Starting TC002_LoginTest ****
10:13:03.175 [main] INFO  org.testng.internal.Utils - [TestNG] Running:
  E:\Projects\Selenium_Projects\OpenCart001\grouping.xml

10:13:08.129 [main] INFO  testCases.TC001_AccountRegistrationTest - **** Starting TC001_AccountRegistrationTest ****
10:13:08.275 [main] INFO  testCases.TC001_AccountRegistrationTest - Clicked on MyAccount Link....
10:13:08.969 [main] INFO  testCases.TC001_AccountRegistrationTest - Clicked on Register Link....
10:13:08.975 [main] INFO  testCases.TC001_AccountRegistrationTest - Providing customer information....
10:13:11.154 [main] INFO  testCases.TC001_AccountRegistrationTest - Validating expected message.....
10:13:11.241 [main] INFO  testCases.TC001_AccountRegistrationTest - Test passed....
10:13:11.242 [main] INFO  testCases.TC001_AccountRegistrationTest - ****Finished TC001_AccountRegistrationTest ****
10:16:30.058 [main] INFO  org.testng.internal.Utils - [TestNG] Running:
  E:\Projects\Selenium_Projects\OpenCart001\grouping.xml

10:16:34.569 [main] INFO  testCases.TC001_AccountRegistrationTest - **** Starting TC001_AccountRegistrationTest ****
10:16:34.698 [main] INFO  testCases.TC001_AccountRegistrationTest - Clicked on MyAccount Link....
10:16:35.396 [main] INFO  testCases.TC001_AccountRegistrationTest - Clicked on Register Link....
10:16:35.398 [main] INFO  testCases.TC001_AccountRegistrationTest - Providing customer information....
10:16:37.500 [main] INFO  testCases.TC001_AccountRegistrationTest - Validating expected message.....
10:16:37.575 [main] INFO  testCases.TC001_AccountRegistrationTest - Test passed....
10:16:37.575 [main] INFO  testCases.TC001_AccountRegistrationTest - ****Finished TC001_AccountRegistrationTest ****
10:22:07.552 [main] INFO  org.testng.internal.Utils - [TestNG] Running:
  E:\Projects\Selenium_Projects\OpenCart001\grouping.xml

10:22:12.968 [main] INFO  testCases.TC001_AccountRegistrationTest - **** Starting TC001_AccountRegistrationTest ****
10:22:13.220 [main] INFO  testCases.TC001_AccountRegistrationTest - Clicked on MyAccount Link....
10:22:14.202 [main] INFO  testCases.TC001_AccountRegistrationTest - Clicked on Register Link....
10:22:14.210 [main] INFO  testCases.TC001_AccountRegistrationTest - Providing customer information....
10:22:15.228 [main] INFO  testCases.TC001_AccountRegistrationTest - Validating expected message.....
10:22:16.515 [main] INFO  testCases.TC001_AccountRegistrationTest - Test passed....
10:22:16.516 [main] INFO  testCases.TC001_AccountRegistrationTest - ****Finished TC001_AccountRegistrationTest ****
10:22:55.158 [main] INFO  org.testng.internal.Utils - [TestNG] Running:
  E:\Projects\Selenium_Projects\OpenCart001\grouping.xml

10:23:00.397 [main] INFO  testCases.TC001_AccountRegistrationTest - **** Starting TC001_AccountRegistrationTest ****
10:23:00.620 [main] INFO  testCases.TC001_AccountRegistrationTest - Clicked on MyAccount Link....
10:23:01.553 [main] INFO  testCases.TC001_AccountRegistrationTest - Clicked on Register Link....
10:23:01.557 [main] INFO  testCases.TC001_AccountRegistrationTest - Providing customer information....
10:23:03.879 [main] INFO  testCases.TC001_AccountRegistrationTest - Validating expected message.....
10:23:03.920 [main] ERROR testCases.TC001_AccountRegistrationTest - Test failed....
10:26:58.798 [main] INFO  org.testng.internal.Utils - [TestNG] Running:
  E:\Projects\Selenium_Projects\OpenCart001\grouping.xml

10:27:04.357 [main] INFO  testCases.TC001_AccountRegistrationTest - **** Starting TC001_AccountRegistrationTest ****
10:27:04.563 [main] INFO  testCases.TC001_AccountRegistrationTest - Clicked on MyAccount Link....
10:27:05.420 [main] INFO  testCases.TC001_AccountRegistrationTest - Clicked on Register Link....
10:27:05.424 [main] INFO  testCases.TC001_AccountRegistrationTest - Providing customer information....
10:27:07.928 [main] INFO  testCases.TC001_AccountRegistrationTest - Validating expected message.....
10:27:08.008 [main] ERROR testCases.TC001_AccountRegistrationTest - Test failed....
10:29:08.327 [main] INFO  org.testng.internal.Utils - [TestNG] Running:
  E:\Projects\Selenium_Projects\OpenCart001\grouping.xml

10:29:13.295 [main] INFO  testCases.TC001_AccountRegistrationTest - **** Starting TC001_AccountRegistrationTest ****
10:29:13.908 [main] INFO  testCases.TC001_AccountRegistrationTest - Clicked on MyAccount Link....
10:29:14.800 [main] INFO  testCases.TC001_AccountRegistrationTest - Clicked on Register Link....
10:29:14.804 [main] INFO  testCases.TC001_AccountRegistrationTest - Providing customer information....
10:29:17.648 [main] INFO  testCases.TC001_AccountRegistrationTest - Validating expected message.....
10:29:17.732 [main] ERROR testCases.TC001_AccountRegistrationTest - Test failed....
10:34:03.232 [main] INFO  org.testng.internal.Utils - [TestNG] Running:
  E:\Projects\Selenium_Projects\OpenCart001\grouping.xml

10:34:08.678 [main] INFO  testCases.TC001_AccountRegistrationTest - **** Starting TC001_AccountRegistrationTest ****
10:34:08.812 [main] INFO  testCases.TC001_AccountRegistrationTest - Clicked on MyAccount Link....
10:34:09.534 [main] INFO  testCases.TC001_AccountRegistrationTest - Clicked on Register Link....
10:34:09.539 [main] INFO  testCases.TC001_AccountRegistrationTest - Providing customer information....
10:34:11.935 [main] INFO  testCases.TC001_AccountRegistrationTest - Validating expected message.....
10:34:12.002 [main] ERROR testCases.TC001_AccountRegistrationTest - Test failed....
10:39:16.885 [main] INFO  org.testng.internal.Utils - [TestNG] Running:
  E:\Projects\Selenium_Projects\OpenCart001\grouping.xml

10:39:21.554 [main] INFO  testCases.TC001_AccountRegistrationTest - **** Starting TC001_AccountRegistrationTest ****
10:39:21.731 [main] INFO  testCases.TC001_AccountRegistrationTest - Clicked on MyAccount Link....
10:39:22.640 [main] INFO  testCases.TC001_AccountRegistrationTest - Clicked on Register Link....
10:39:22.642 [main] INFO  testCases.TC001_AccountRegistrationTest - Providing customer information....
10:39:24.569 [main] INFO  testCases.TC001_AccountRegistrationTest - Validating expected message.....
10:39:24.647 [main] ERROR testCases.TC001_AccountRegistrationTest - Test failed....
10:40:04.301 [main] INFO  org.testng.internal.Utils - [TestNG] Running:
  E:\Projects\Selenium_Projects\OpenCart001\grouping.xml

10:40:12.253 [main] INFO  testCases.TC001_AccountRegistrationTest - **** Starting TC001_AccountRegistrationTest ****
10:40:12.677 [main] INFO  testCases.TC001_AccountRegistrationTest - Clicked on MyAccount Link....
10:40:13.794 [main] INFO  testCases.TC001_AccountRegistrationTest - Clicked on Register Link....
10:40:13.797 [main] INFO  testCases.TC001_AccountRegistrationTest - Providing customer information....
10:40:16.749 [main] INFO  testCases.TC001_AccountRegistrationTest - Validating expected message.....
10:40:16.824 [main] ERROR testCases.TC001_AccountRegistrationTest - Test failed....
10:40:44.049 [main] INFO  org.testng.internal.Utils - [TestNG] Running:
  E:\Projects\Selenium_Projects\OpenCart001\grouping.xml

10:40:49.163 [main] INFO  testCases.TC001_AccountRegistrationTest - **** Starting TC001_AccountRegistrationTest ****
10:40:49.311 [main] INFO  testCases.TC001_AccountRegistrationTest - Clicked on MyAccount Link....
10:40:50.023 [main] INFO  testCases.TC001_AccountRegistrationTest - Clicked on Register Link....
10:40:50.032 [main] INFO  testCases.TC001_AccountRegistrationTest - Providing customer information....
10:40:52.114 [main] INFO  testCases.TC001_AccountRegistrationTest - Validating expected message.....
10:40:52.199 [main] ERROR testCases.TC001_AccountRegistrationTest - Test failed....
12:41:13.971 [main] INFO  org.testng.internal.Utils - [TestNG] Running:
  E:\Projects\Selenium_Projects\OpenCart001\grouping.xml

12:41:20.126 [main] INFO  testCases.TC001_AccountRegistrationTest - **** Starting TC001_AccountRegistrationTest ****
12:41:20.300 [main] INFO  testCases.TC001_AccountRegistrationTest - Clicked on MyAccount Link....
12:41:20.895 [main] INFO  testCases.TC001_AccountRegistrationTest - Clicked on Register Link....
12:41:20.898 [main] INFO  testCases.TC001_AccountRegistrationTest - Providing customer information....
12:41:22.504 [main] INFO  testCases.TC001_AccountRegistrationTest - Validating expected message.....
12:41:22.562 [main] ERROR testCases.TC001_AccountRegistrationTest - Test failed....
12:42:27.975 [main] INFO  org.testng.internal.Utils - [TestNG] Running:
  E:\Projects\Selenium_Projects\OpenCart001\grouping.xml

12:44:44.276 [main] INFO  org.testng.internal.Utils - [TestNG] Running:
  E:\Projects\Selenium_Projects\OpenCart001\master.xml

12:46:11.359 [main] INFO  org.testng.internal.Utils - [TestNG] Running:
  E:\Projects\Selenium_Projects\OpenCart001\master.xml

12:46:15.479 [main] INFO  testCases.TC001_AccountRegistrationTest - **** Starting TC001_AccountRegistrationTest ****
12:46:15.593 [main] INFO  testCases.TC001_AccountRegistrationTest - Clicked on MyAccount Link....
12:46:16.210 [main] INFO  testCases.TC001_AccountRegistrationTest - Clicked on Register Link....
12:46:16.212 [main] INFO  testCases.TC001_AccountRegistrationTest - Providing customer information....
12:46:17.792 [main] INFO  testCases.TC001_AccountRegistrationTest - Validating expected message.....
12:46:17.852 [main] INFO  testCases.TC001_AccountRegistrationTest - Test passed....
12:46:17.852 [main] INFO  testCases.TC001_AccountRegistrationTest - ****Finished TC001_AccountRegistrationTest ****
12:46:21.060 [main] INFO  testCases.TC002_LoginTest - **** Starting TC002_LoginTest ****
12:55:03.389 [main] INFO  org.testng.internal.Utils - [TestNG] Running:
  E:\Projects\Selenium_Projects\OpenCart001\crossbrowsertesting.xml

12:55:08.775 [TestNG-tests-2] INFO  testCases.TC001_AccountRegistrationTest - **** Starting TC001_AccountRegistrationTest ****
12:55:08.776 [TestNG-tests-1] INFO  testCases.TC001_AccountRegistrationTest - **** Starting TC001_AccountRegistrationTest ****
12:55:08.957 [TestNG-tests-1] INFO  testCases.TC001_AccountRegistrationTest - Clicked on MyAccount Link....
12:55:09.036 [TestNG-tests-2] INFO  testCases.TC001_AccountRegistrationTest - Clicked on MyAccount Link....
12:55:11.257 [TestNG-tests-3] INFO  testCases.TC001_AccountRegistrationTest - **** Starting TC001_AccountRegistrationTest ****
12:55:11.662 [TestNG-tests-3] INFO  testCases.TC001_AccountRegistrationTest - Clicked on MyAccount Link....
12:55:12.282 [TestNG-tests-3] INFO  testCases.TC001_AccountRegistrationTest - Clicked on Register Link....
12:55:12.285 [TestNG-tests-3] INFO  testCases.TC001_AccountRegistrationTest - Providing customer information....
12:55:13.873 [TestNG-tests-3] INFO  testCases.TC001_AccountRegistrationTest - Validating expected message.....
12:55:13.901 [TestNG-tests-3] INFO  testCases.TC001_AccountRegistrationTest - Test passed....
12:55:13.901 [TestNG-tests-3] INFO  testCases.TC001_AccountRegistrationTest - ****Finished TC001_AccountRegistrationTest ****
12:56:02.460 [main] INFO  org.testng.internal.Utils - [TestNG] Running:
  E:\Projects\Selenium_Projects\OpenCart001\crossbrowsertesting.xml

12:56:02.716 [TestNG-tests-3] INFO  testCases.TC001_AccountRegistrationTest - **** Starting TC001_AccountRegistrationTest ****
12:57:42.866 [main] INFO  org.testng.internal.Utils - [TestNG] Running:
  E:\Projects\Selenium_Projects\OpenCart001\crossbrowsertesting.xml

12:57:43.171 [TestNG-tests-3] INFO  testCases.TC001_AccountRegistrationTest - **** Starting TC001_AccountRegistrationTest ****
08:36:08.958 [main] INFO  org.testng.internal.Utils - [TestNG] Running:
  E:\Projects\Selenium_Projects\OpenCart001\master.xml

08:38:20.266 [main] INFO  testCases.TC001_AccountRegistrationTest - **** Starting TC001_AccountRegistrationTest ****
08:38:20.467 [main] INFO  testCases.TC001_AccountRegistrationTest - Clicked on MyAccount Link....
08:38:21.327 [main] INFO  testCases.TC001_AccountRegistrationTest - Clicked on Register Link....
08:38:21.330 [main] INFO  testCases.TC001_AccountRegistrationTest - Providing customer information....
08:38:23.670 [main] INFO  testCases.TC001_AccountRegistrationTest - Validating expected message.....
08:38:23.753 [main] INFO  testCases.TC001_AccountRegistrationTest - Test passed....
08:38:23.753 [main] INFO  testCases.TC001_AccountRegistrationTest - ****Finished TC001_AccountRegistrationTest ****
08:38:28.293 [main] INFO  testCases.TC002_LoginTest - **** Starting TC002_LoginTest ****
20:27:12.790 [main] INFO  testCases.TC001_AccountRegistrationTest - **** Starting TC001_AccountRegistrationTest ****
20:27:13.211 [main] INFO  testCases.TC001_AccountRegistrationTest - Clicked on MyAccount Link....
20:27:14.052 [main] INFO  testCases.TC001_AccountRegistrationTest - Clicked on Register Link....
20:27:14.074 [main] INFO  testCases.TC001_AccountRegistrationTest - Providing customer information....
20:27:16.186 [main] INFO  testCases.TC001_AccountRegistrationTest - Validating expected message.....
20:27:16.244 [main] INFO  testCases.TC001_AccountRegistrationTest - Test passed....
20:27:16.245 [main] INFO  testCases.TC001_AccountRegistrationTest - ****Finished TC001_AccountRegistrationTest ****
20:27:21.414 [main] INFO  testCases.TC002_LoginTest - **** Starting TC002_LoginTest ****
20:27:54.460 [main] INFO  testCases.TC001_AccountRegistrationTest - **** Starting TC001_AccountRegistrationTest ****
20:27:54.704 [main] INFO  testCases.TC001_AccountRegistrationTest - Clicked on MyAccount Link....
20:27:55.890 [main] INFO  testCases.TC001_AccountRegistrationTest - Clicked on Register Link....
20:27:55.894 [main] INFO  testCases.TC001_AccountRegistrationTest - Providing customer information....
20:34:11.647 [main] INFO  testCases.TC001_AccountRegistrationTest - **** Starting TC001_AccountRegistrationTest ****
20:34:11.906 [main] INFO  testCases.TC001_AccountRegistrationTest - Clicked on MyAccount Link....
20:34:12.731 [main] INFO  testCases.TC001_AccountRegistrationTest - Clicked on Register Link....
20:34:12.735 [main] INFO  testCases.TC001_AccountRegistrationTest - Providing customer information....
20:34:15.229 [main] INFO  testCases.TC001_AccountRegistrationTest - Validating expected message.....
20:34:15.306 [main] INFO  testCases.TC001_AccountRegistrationTest - Test passed....
20:34:15.307 [main] INFO  testCases.TC001_AccountRegistrationTest - ****Finished TC001_AccountRegistrationTest ****
20:34:20.459 [main] INFO  testCases.TC002_LoginTest - **** Starting TC002_LoginTest ****
